{"D:\\Projects\\1AOrganized\\PhpProject\\MusoftwareBusiness\\newmusoftware\\tools\\musoftware-runtime\\core\\device-auth.js": {"path":"D:\\Projects\\1AOrganized\\PhpProject\\MusoftwareBusiness\\newmusoftware\\tools\\musoftware-runtime\\core\\device-auth.js","statementMap":{"0":{"start":{"line":24,"column":15},"end":{"line":24,"column":32}},"1":{"start":{"line":25,"column":17},"end":{"line":25,"column":41}},"2":{"start":{"line":26,"column":23},"end":{"line":26,"column":42}},"3":{"start":{"line":28,"column":20},"end":{"line":28,"column":34}},"4":{"start":{"line":32,"column":8},"end":{"line":32,"column":34}},"5":{"start":{"line":33,"column":8},"end":{"line":33,"column":34}},"6":{"start":{"line":34,"column":8},"end":{"line":34,"column":37}},"7":{"start":{"line":35,"column":8},"end":{"line":35,"column":39}},"8":{"start":{"line":36,"column":8},"end":{"line":36,"column":32}},"9":{"start":{"line":42,"column":21},"end":{"line":42,"column":59}},"10":{"start":{"line":43,"column":8},"end":{"line":43,"column":70}},"11":{"start":{"line":45,"column":20},"end":{"line":45,"column":102}},"12":{"start":{"line":46,"column":8},"end":{"line":46,"column":65}},"13":{"start":{"line":48,"column":8},"end":{"line":48,"column":31}},"14":{"start":{"line":49,"column":8},"end":{"line":49,"column":73}},"15":{"start":{"line":52,"column":8},"end":{"line":57,"column":24}},"16":{"start":{"line":53,"column":12},"end":{"line":56,"column":13}},"17":{"start":{"line":54,"column":16},"end":{"line":54,"column":37}},"18":{"start":{"line":55,"column":16},"end":{"line":55,"column":64}},"19":{"start":{"line":59,"column":8},"end":{"line":59,"column":60}},"20":{"start":{"line":65,"column":8},"end":{"line":67,"column":9}},"21":{"start":{"line":66,"column":12},"end":{"line":66,"column":115}},"22":{"start":{"line":68,"column":8},"end":{"line":71,"column":9}},"23":{"start":{"line":69,"column":12},"end":{"line":69,"column":33}},"24":{"start":{"line":70,"column":12},"end":{"line":70,"column":99}},"25":{"start":{"line":72,"column":8},"end":{"line":75,"column":9}},"26":{"start":{"line":73,"column":12},"end":{"line":73,"column":94}},"27":{"start":{"line":74,"column":12},"end":{"line":74,"column":82}},"28":{"start":{"line":76,"column":8},"end":{"line":78,"column":9}},"29":{"start":{"line":77,"column":12},"end":{"line":77,"column":96}},"30":{"start":{"line":81,"column":8},"end":{"line":81,"column":29}},"31":{"start":{"line":82,"column":8},"end":{"line":82,"column":54}},"32":{"start":{"line":83,"column":8},"end":{"line":83,"column":35}},"33":{"start":{"line":84,"column":8},"end":{"line":84,"column":44}},"34":{"start":{"line":86,"column":8},"end":{"line":86,"column":91}},"35":{"start":{"line":87,"column":8},"end":{"line":87,"column":79}},"36":{"start":{"line":88,"column":8},"end":{"line":88,"column":50}},"37":{"start":{"line":90,"column":8},"end":{"line":90,"column":46}},"38":{"start":{"line":94,"column":8},"end":{"line":94,"column":35}},"39":{"start":{"line":98,"column":8},"end":{"line":98,"column":71}},"40":{"start":{"line":105,"column":25},"end":{"line":105,"column":48}},"41":{"start":{"line":107,"column":33},"end":{"line":107,"column":79}},"42":{"start":{"line":108,"column":8},"end":{"line":108,"column":87}},"43":{"start":{"line":114,"column":25},"end":{"line":114,"column":41}},"44":{"start":{"line":116,"column":12},"end":{"line":118,"column":55}},"45":{"start":{"line":119,"column":8},"end":{"line":121,"column":11}},"46":{"start":{"line":120,"column":12},"end":{"line":120,"column":87}},"47":{"start":{"line":120,"column":21},"end":{"line":120,"column":87}},"48":{"start":{"line":125,"column":0},"end":{"line":125,"column":28}}},"fnMap":{"0":{"name":"(anonymous_0)","decl":{"start":{"line":31,"column":4},"end":{"line":31,"column":5}},"loc":{"start":{"line":31,"column":56},"end":{"line":37,"column":5}},"line":31},"1":{"name":"(anonymous_1)","decl":{"start":{"line":41,"column":4},"end":{"line":41,"column":5}},"loc":{"start":{"line":41,"column":17},"end":{"line":60,"column":5}},"line":41},"2":{"name":"(anonymous_2)","decl":{"start":{"line":52,"column":19},"end":{"line":52,"column":20}},"loc":{"start":{"line":52,"column":25},"end":{"line":57,"column":9}},"line":52},"3":{"name":"(anonymous_3)","decl":{"start":{"line":64,"column":4},"end":{"line":64,"column":5}},"loc":{"start":{"line":64,"column":61},"end":{"line":91,"column":5}},"line":64},"4":{"name":"(anonymous_4)","decl":{"start":{"line":93,"column":4},"end":{"line":93,"column":5}},"loc":{"start":{"line":93,"column":26},"end":{"line":95,"column":5}},"line":93},"5":{"name":"(anonymous_5)","decl":{"start":{"line":97,"column":4},"end":{"line":97,"column":5}},"loc":{"start":{"line":97,"column":26},"end":{"line":99,"column":5}},"line":97},"6":{"name":"(anonymous_6)","decl":{"start":{"line":104,"column":4},"end":{"line":104,"column":5}},"loc":{"start":{"line":104,"column":39},"end":{"line":109,"column":5}},"line":104},"7":{"name":"(anonymous_7)","decl":{"start":{"line":113,"column":4},"end":{"line":113,"column":5}},"loc":{"start":{"line":113,"column":22},"end":{"line":122,"column":5}},"line":113},"8":{"name":"(anonymous_8)","decl":{"start":{"line":119,"column":18},"end":{"line":119,"column":19}},"loc":{"start":{"line":119,"column":25},"end":{"line":121,"column":9}},"line":119}},"branchMap":{"0":{"loc":{"start":{"line":53,"column":12},"end":{"line":56,"column":13}},"type":"if","locations":[{"start":{"line":53,"column":12},"end":{"line":56,"column":13}},{"start":{},"end":{}}],"line":53},"1":{"loc":{"start":{"line":65,"column":8},"end":{"line":67,"column":9}},"type":"if","locations":[{"start":{"line":65,"column":8},"end":{"line":67,"column":9}},{"start":{},"end":{}}],"line":65},"2":{"loc":{"start":{"line":68,"column":8},"end":{"line":71,"column":9}},"type":"if","locations":[{"start":{"line":68,"column":8},"end":{"line":71,"column":9}},{"start":{},"end":{}}],"line":68},"3":{"loc":{"start":{"line":72,"column":8},"end":{"line":75,"column":9}},"type":"if","locations":[{"start":{"line":72,"column":8},"end":{"line":75,"column":9}},{"start":{},"end":{}}],"line":72},"4":{"loc":{"start":{"line":76,"column":8},"end":{"line":78,"column":9}},"type":"if","locations":[{"start":{"line":76,"column":8},"end":{"line":78,"column":9}},{"start":{},"end":{}}],"line":76},"5":{"loc":{"start":{"line":76,"column":12},"end":{"line":76,"column":29}},"type":"binary-expr","locations":[{"start":{"line":76,"column":12},"end":{"line":76,"column":18}},{"start":{"line":76,"column":22},"end":{"line":76,"column":29}}],"line":76},"6":{"loc":{"start":{"line":86,"column":54},"end":{"line":86,"column":72}},"type":"binary-expr","locations":[{"start":{"line":86,"column":54},"end":{"line":86,"column":62}},{"start":{"line":86,"column":66},"end":{"line":86,"column":72}}],"line":86},"7":{"loc":{"start":{"line":98,"column":15},"end":{"line":98,"column":70}},"type":"binary-expr","locations":[{"start":{"line":98,"column":15},"end":{"line":98,"column":30}},{"start":{"line":98,"column":34},"end":{"line":98,"column":70}}],"line":98},"8":{"loc":{"start":{"line":104,"column":26},"end":{"line":104,"column":37}},"type":"default-arg","locations":[{"start":{"line":104,"column":35},"end":{"line":104,"column":37}}],"line":104},"9":{"loc":{"start":{"line":108,"column":15},"end":{"line":108,"column":86}},"type":"binary-expr","locations":[{"start":{"line":108,"column":15},"end":{"line":108,"column":22}},{"start":{"line":108,"column":26},"end":{"line":108,"column":53}},{"start":{"line":108,"column":57},"end":{"line":108,"column":86}}],"line":108},"10":{"loc":{"start":{"line":116,"column":12},"end":{"line":118,"column":55}},"type":"cond-expr","locations":[{"start":{"line":116,"column":36},"end":{"line":116,"column":55}},{"start":{"line":117,"column":12},"end":{"line":118,"column":55}}],"line":116},"11":{"loc":{"start":{"line":117,"column":12},"end":{"line":118,"column":55}},"type":"cond-expr","locations":[{"start":{"line":117,"column":36},"end":{"line":117,"column":51}},{"start":{"line":118,"column":36},"end":{"line":118,"column":55}}],"line":117},"12":{"loc":{"start":{"line":120,"column":12},"end":{"line":120,"column":87}},"type":"if","locations":[{"start":{"line":120,"column":12},"end":{"line":120,"column":87}},{"start":{},"end":{}}],"line":120}},"s":{"0":1,"1":1,"2":1,"3":1,"4":4,"5":4,"6":4,"7":4,"8":4,"9":3,"10":3,"11":3,"12":3,"13":3,"14":3,"15":3,"16":0,"17":0,"18":0,"19":3,"20":3,"21":1,"22":2,"23":0,"24":0,"25":2,"26":1,"27":1,"28":1,"29":0,"30":1,"31":1,"32":1,"33":1,"34":1,"35":1,"36":1,"37":1,"38":2,"39":1,"40":0,"41":0,"42":0,"43":3,"44":3,"45":3,"46":0,"47":0,"48":1},"f":{"0":4,"1":3,"2":0,"3":3,"4":2,"5":1,"6":0,"7":3,"8":0},"b":{"0":[0,0],"1":[1,2],"2":[0,2],"3":[1,1],"4":[0,1],"5":[1,1],"6":[1,0],"7":[1,1],"8":[0],"9":[0,0,0],"10":[3,0],"11":[0,0],"12":[0,0]},"_coverageSchema":"1a1c01bbd47fc00a2c39e90264f33305004495a9","hash":"1deb7eb20240c2a4135b25531c13e773dc71d0bb"}
,"D:\\Projects\\1AOrganized\\PhpProject\\MusoftwareBusiness\\newmusoftware\\tools\\musoftware-runtime\\core\\storage.js": {"path":"D:\\Projects\\1AOrganized\\PhpProject\\MusoftwareBusiness\\newmusoftware\\tools\\musoftware-runtime\\core\\storage.js","statementMap":{"0":{"start":{"line":12,"column":13},"end":{"line":12,"column":26}},"1":{"start":{"line":13,"column":13},"end":{"line":13,"column":28}},"2":{"start":{"line":17,"column":8},"end":{"line":17,"column":33}},"3":{"start":{"line":18,"column":8},"end":{"line":18,"column":44}},"4":{"start":{"line":19,"column":8},"end":{"line":19,"column":31}},"5":{"start":{"line":23,"column":8},"end":{"line":23,"column":59}},"6":{"start":{"line":24,"column":23},"end":{"line":24,"column":63}},"7":{"start":{"line":27,"column":8},"end":{"line":33,"column":9}},"8":{"start":{"line":28,"column":12},"end":{"line":28,"column":49}},"9":{"start":{"line":30,"column":12},"end":{"line":30,"column":91}},"10":{"start":{"line":31,"column":12},"end":{"line":31,"column":30}},"11":{"start":{"line":32,"column":12},"end":{"line":32,"column":19}},"12":{"start":{"line":35,"column":8},"end":{"line":35,"column":39}},"13":{"start":{"line":36,"column":8},"end":{"line":36,"column":45}},"14":{"start":{"line":38,"column":8},"end":{"line":81,"column":11}},"15":{"start":{"line":83,"column":8},"end":{"line":83,"column":60}},"16":{"start":{"line":89,"column":8},"end":{"line":89,"column":31}},"17":{"start":{"line":89,"column":24},"end":{"line":89,"column":31}},"18":{"start":{"line":90,"column":8},"end":{"line":93,"column":61}},"19":{"start":{"line":97,"column":8},"end":{"line":97,"column":31}},"20":{"start":{"line":97,"column":24},"end":{"line":97,"column":31}},"21":{"start":{"line":98,"column":8},"end":{"line":100,"column":73}},"22":{"start":{"line":104,"column":8},"end":{"line":104,"column":36}},"23":{"start":{"line":104,"column":24},"end":{"line":104,"column":36}},"24":{"start":{"line":105,"column":20},"end":{"line":105,"column":77}},"25":{"start":{"line":106,"column":8},"end":{"line":106,"column":30}},"26":{"start":{"line":106,"column":18},"end":{"line":106,"column":30}},"27":{"start":{"line":107,"column":8},"end":{"line":111,"column":10}},"28":{"start":{"line":115,"column":8},"end":{"line":115,"column":34}},"29":{"start":{"line":115,"column":24},"end":{"line":115,"column":34}},"30":{"start":{"line":116,"column":8},"end":{"line":118,"column":21}},"31":{"start":{"line":124,"column":8},"end":{"line":124,"column":31}},"32":{"start":{"line":124,"column":24},"end":{"line":124,"column":31}},"33":{"start":{"line":125,"column":8},"end":{"line":127,"column":38}},"34":{"start":{"line":131,"column":8},"end":{"line":131,"column":34}},"35":{"start":{"line":131,"column":24},"end":{"line":131,"column":34}},"36":{"start":{"line":132,"column":8},"end":{"line":134,"column":29}},"37":{"start":{"line":140,"column":8},"end":{"line":140,"column":31}},"38":{"start":{"line":140,"column":24},"end":{"line":140,"column":31}},"39":{"start":{"line":141,"column":8},"end":{"line":151,"column":10}},"40":{"start":{"line":162,"column":8},"end":{"line":162,"column":31}},"41":{"start":{"line":162,"column":24},"end":{"line":162,"column":31}},"42":{"start":{"line":163,"column":26},"end":{"line":163,"column":93}},"43":{"start":{"line":164,"column":8},"end":{"line":171,"column":39}},"44":{"start":{"line":182,"column":8},"end":{"line":182,"column":43}},"45":{"start":{"line":182,"column":24},"end":{"line":182,"column":43}},"46":{"start":{"line":183,"column":20},"end":{"line":183,"column":84}},"47":{"start":{"line":184,"column":8},"end":{"line":184,"column":37}},"48":{"start":{"line":184,"column":18},"end":{"line":184,"column":37}},"49":{"start":{"line":186,"column":20},"end":{"line":186,"column":49}},"50":{"start":{"line":189,"column":8},"end":{"line":189,"column":71}},"51":{"start":{"line":189,"column":50},"end":{"line":189,"column":71}},"52":{"start":{"line":192,"column":8},"end":{"line":192,"column":69}},"53":{"start":{"line":192,"column":52},"end":{"line":192,"column":69}},"54":{"start":{"line":194,"column":8},"end":{"line":194,"column":26}},"55":{"start":{"line":199,"column":8},"end":{"line":199,"column":31}},"56":{"start":{"line":199,"column":24},"end":{"line":199,"column":31}},"57":{"start":{"line":200,"column":8},"end":{"line":200,"column":71}},"58":{"start":{"line":205,"column":8},"end":{"line":205,"column":31}},"59":{"start":{"line":205,"column":24},"end":{"line":205,"column":31}},"60":{"start":{"line":206,"column":8},"end":{"line":206,"column":54}},"61":{"start":{"line":210,"column":8},"end":{"line":210,"column":37}},"62":{"start":{"line":210,"column":21},"end":{"line":210,"column":37}},"63":{"start":{"line":214,"column":0},"end":{"line":214,"column":25}}},"fnMap":{"0":{"name":"(anonymous_0)","decl":{"start":{"line":16,"column":4},"end":{"line":16,"column":5}},"loc":{"start":{"line":16,"column":32},"end":{"line":20,"column":5}},"line":16},"1":{"name":"(anonymous_1)","decl":{"start":{"line":22,"column":4},"end":{"line":22,"column":5}},"loc":{"start":{"line":22,"column":11},"end":{"line":84,"column":5}},"line":22},"2":{"name":"(anonymous_2)","decl":{"start":{"line":88,"column":4},"end":{"line":88,"column":5}},"loc":{"start":{"line":88,"column":46},"end":{"line":94,"column":5}},"line":88},"3":{"name":"(anonymous_3)","decl":{"start":{"line":96,"column":4},"end":{"line":96,"column":5}},"loc":{"start":{"line":96,"column":56},"end":{"line":101,"column":5}},"line":96},"4":{"name":"(anonymous_4)","decl":{"start":{"line":103,"column":4},"end":{"line":103,"column":5}},"loc":{"start":{"line":103,"column":16},"end":{"line":112,"column":5}},"line":103},"5":{"name":"(anonymous_5)","decl":{"start":{"line":114,"column":4},"end":{"line":114,"column":5}},"loc":{"start":{"line":114,"column":31},"end":{"line":119,"column":5}},"line":114},"6":{"name":"(anonymous_6)","decl":{"start":{"line":123,"column":4},"end":{"line":123,"column":5}},"loc":{"start":{"line":123,"column":35},"end":{"line":128,"column":5}},"line":123},"7":{"name":"(anonymous_7)","decl":{"start":{"line":130,"column":4},"end":{"line":130,"column":5}},"loc":{"start":{"line":130,"column":33},"end":{"line":135,"column":5}},"line":130},"8":{"name":"(anonymous_8)","decl":{"start":{"line":139,"column":4},"end":{"line":139,"column":5}},"loc":{"start":{"line":139,"column":27},"end":{"line":152,"column":5}},"line":139},"9":{"name":"(anonymous_9)","decl":{"start":{"line":161,"column":4},"end":{"line":161,"column":5}},"loc":{"start":{"line":161,"column":70},"end":{"line":172,"column":5}},"line":161},"10":{"name":"(anonymous_10)","decl":{"start":{"line":181,"column":4},"end":{"line":181,"column":5}},"loc":{"start":{"line":181,"column":45},"end":{"line":195,"column":5}},"line":181},"11":{"name":"(anonymous_11)","decl":{"start":{"line":198,"column":4},"end":{"line":198,"column":5}},"loc":{"start":{"line":198,"column":24},"end":{"line":201,"column":5}},"line":198},"12":{"name":"(anonymous_12)","decl":{"start":{"line":204,"column":4},"end":{"line":204,"column":5}},"loc":{"start":{"line":204,"column":20},"end":{"line":207,"column":5}},"line":204},"13":{"name":"(anonymous_13)","decl":{"start":{"line":209,"column":4},"end":{"line":209,"column":5}},"loc":{"start":{"line":209,"column":12},"end":{"line":211,"column":5}},"line":209}},"branchMap":{"0":{"loc":{"start":{"line":89,"column":8},"end":{"line":89,"column":31}},"type":"if","locations":[{"start":{"line":89,"column":8},"end":{"line":89,"column":31}},{"start":{},"end":{}}],"line":89},"1":{"loc":{"start":{"line":96,"column":27},"end":{"line":96,"column":40}},"type":"default-arg","locations":[{"start":{"line":96,"column":36},"end":{"line":96,"column":40}}],"line":96},"2":{"loc":{"start":{"line":96,"column":42},"end":{"line":96,"column":54}},"type":"default-arg","locations":[{"start":{"line":96,"column":50},"end":{"line":96,"column":54}}],"line":96},"3":{"loc":{"start":{"line":97,"column":8},"end":{"line":97,"column":31}},"type":"if","locations":[{"start":{"line":97,"column":8},"end":{"line":97,"column":31}},{"start":{},"end":{}}],"line":97},"4":{"loc":{"start":{"line":100,"column":22},"end":{"line":100,"column":60}},"type":"cond-expr","locations":[{"start":{"line":100,"column":31},"end":{"line":100,"column":53}},{"start":{"line":100,"column":56},"end":{"line":100,"column":60}}],"line":100},"5":{"loc":{"start":{"line":104,"column":8},"end":{"line":104,"column":36}},"type":"if","locations":[{"start":{"line":104,"column":8},"end":{"line":104,"column":36}},{"start":{},"end":{}}],"line":104},"6":{"loc":{"start":{"line":106,"column":8},"end":{"line":106,"column":30}},"type":"if","locations":[{"start":{"line":106,"column":8},"end":{"line":106,"column":30}},{"start":{},"end":{}}],"line":106},"7":{"loc":{"start":{"line":109,"column":20},"end":{"line":109,"column":60}},"type":"cond-expr","locations":[{"start":{"line":109,"column":33},"end":{"line":109,"column":55}},{"start":{"line":109,"column":58},"end":{"line":109,"column":60}}],"line":109},"8":{"loc":{"start":{"line":110,"column":20},"end":{"line":110,"column":62}},"type":"cond-expr","locations":[{"start":{"line":110,"column":33},"end":{"line":110,"column":55}},{"start":{"line":110,"column":58},"end":{"line":110,"column":62}}],"line":110},"9":{"loc":{"start":{"line":114,"column":19},"end":{"line":114,"column":29}},"type":"default-arg","locations":[{"start":{"line":114,"column":27},"end":{"line":114,"column":29}}],"line":114},"10":{"loc":{"start":{"line":115,"column":8},"end":{"line":115,"column":34}},"type":"if","locations":[{"start":{"line":115,"column":8},"end":{"line":115,"column":34}},{"start":{},"end":{}}],"line":115},"11":{"loc":{"start":{"line":124,"column":8},"end":{"line":124,"column":31}},"type":"if","locations":[{"start":{"line":124,"column":8},"end":{"line":124,"column":31}},{"start":{},"end":{}}],"line":124},"12":{"loc":{"start":{"line":130,"column":20},"end":{"line":130,"column":31}},"type":"default-arg","locations":[{"start":{"line":130,"column":28},"end":{"line":130,"column":31}}],"line":130},"13":{"loc":{"start":{"line":131,"column":8},"end":{"line":131,"column":34}},"type":"if","locations":[{"start":{"line":131,"column":8},"end":{"line":131,"column":34}},{"start":{},"end":{}}],"line":131},"14":{"loc":{"start":{"line":140,"column":8},"end":{"line":140,"column":31}},"type":"if","locations":[{"start":{"line":140,"column":8},"end":{"line":140,"column":31}},{"start":{},"end":{}}],"line":140},"15":{"loc":{"start":{"line":148,"column":25},"end":{"line":148,"column":58}},"type":"binary-expr","locations":[{"start":{"line":148,"column":25},"end":{"line":148,"column":43}},{"start":{"line":148,"column":47},"end":{"line":148,"column":58}}],"line":148},"16":{"loc":{"start":{"line":150,"column":12},"end":{"line":150,"column":40}},"type":"binary-expr","locations":[{"start":{"line":150,"column":12},"end":{"line":150,"column":28}},{"start":{"line":150,"column":32},"end":{"line":150,"column":40}}],"line":150},"17":{"loc":{"start":{"line":161,"column":24},"end":{"line":161,"column":68}},"type":"default-arg","locations":[{"start":{"line":161,"column":66},"end":{"line":161,"column":68}}],"line":161},"18":{"loc":{"start":{"line":161,"column":26},"end":{"line":161,"column":43}},"type":"default-arg","locations":[{"start":{"line":161,"column":35},"end":{"line":161,"column":43}}],"line":161},"19":{"loc":{"start":{"line":161,"column":45},"end":{"line":161,"column":61}},"type":"default-arg","locations":[{"start":{"line":161,"column":57},"end":{"line":161,"column":61}}],"line":161},"20":{"loc":{"start":{"line":162,"column":8},"end":{"line":162,"column":31}},"type":"if","locations":[{"start":{"line":162,"column":8},"end":{"line":162,"column":31}},{"start":{},"end":{}}],"line":162},"21":{"loc":{"start":{"line":163,"column":26},"end":{"line":163,"column":93}},"type":"cond-expr","locations":[{"start":{"line":163,"column":38},"end":{"line":163,"column":86}},{"start":{"line":163,"column":89},"end":{"line":163,"column":93}}],"line":163},"22":{"loc":{"start":{"line":181,"column":23},"end":{"line":181,"column":43}},"type":"default-arg","locations":[{"start":{"line":181,"column":39},"end":{"line":181,"column":43}}],"line":181},"23":{"loc":{"start":{"line":182,"column":8},"end":{"line":182,"column":43}},"type":"if","locations":[{"start":{"line":182,"column":8},"end":{"line":182,"column":43}},{"start":{},"end":{}}],"line":182},"24":{"loc":{"start":{"line":184,"column":8},"end":{"line":184,"column":37}},"type":"if","locations":[{"start":{"line":184,"column":8},"end":{"line":184,"column":37}},{"start":{},"end":{}}],"line":184},"25":{"loc":{"start":{"line":189,"column":8},"end":{"line":189,"column":71}},"type":"if","locations":[{"start":{"line":189,"column":8},"end":{"line":189,"column":71}},{"start":{},"end":{}}],"line":189},"26":{"loc":{"start":{"line":192,"column":8},"end":{"line":192,"column":69}},"type":"if","locations":[{"start":{"line":192,"column":8},"end":{"line":192,"column":69}},{"start":{},"end":{}}],"line":192},"27":{"loc":{"start":{"line":192,"column":12},"end":{"line":192,"column":50}},"type":"binary-expr","locations":[{"start":{"line":192,"column":12},"end":{"line":192,"column":26}},{"start":{"line":192,"column":30},"end":{"line":192,"column":50}}],"line":192},"28":{"loc":{"start":{"line":199,"column":8},"end":{"line":199,"column":31}},"type":"if","locations":[{"start":{"line":199,"column":8},"end":{"line":199,"column":31}},{"start":{},"end":{}}],"line":199},"29":{"loc":{"start":{"line":205,"column":8},"end":{"line":205,"column":31}},"type":"if","locations":[{"start":{"line":205,"column":8},"end":{"line":205,"column":31}},{"start":{},"end":{}}],"line":205},"30":{"loc":{"start":{"line":210,"column":8},"end":{"line":210,"column":37}},"type":"if","locations":[{"start":{"line":210,"column":8},"end":{"line":210,"column":37}},{"start":{},"end":{}}],"line":210}},"s":{"0":1,"1":1,"2":4,"3":4,"4":4,"5":4,"6":4,"7":4,"8":4,"9":0,"10":0,"11":0,"12":4,"13":4,"14":4,"15":4,"16":2,"17":0,"18":2,"19":1,"20":0,"21":1,"22":2,"23":0,"24":2,"25":2,"26":0,"27":2,"28":0,"29":0,"30":0,"31":0,"32":0,"33":0,"34":0,"35":0,"36":0,"37":0,"38":0,"39":0,"40":2,"41":0,"42":2,"43":2,"44":3,"45":0,"46":3,"47":3,"48":1,"49":2,"50":2,"51":0,"52":2,"53":1,"54":1,"55":1,"56":0,"57":1,"58":0,"59":0,"60":0,"61":4,"62":4,"63":1},"f":{"0":4,"1":4,"2":2,"3":1,"4":2,"5":0,"6":0,"7":0,"8":0,"9":2,"10":3,"11":1,"12":0,"13":4},"b":{"0":[0,2],"1":[0],"2":[1],"3":[0,1],"4":[1,0],"5":[0,2],"6":[0,2],"7":[2,0],"8":[1,1],"9":[0],"10":[0,0],"11":[0,0],"12":[0],"13":[0,0],"14":[0,0],"15":[0,0],"16":[0,0],"17":[0],"18":[0],"19":[0],"20":[0,2],"21":[1,1],"22":[3],"23":[0,3],"24":[1,2],"25":[0,2],"26":[1,1],"27":[2,1],"28":[0,1],"29":[0,0],"30":[4,0]},"_coverageSchema":"1a1c01bbd47fc00a2c39e90264f33305004495a9","hash":"2ca46db8a96f4b60c683ef12c0a99499b97adcc5"}
}
