TN:
SF:core\device-auth.js
FN:31,(anonymous_0)
FN:41,(anonymous_1)
FN:52,(anonymous_2)
FN:64,(anonymous_3)
FN:93,(anonymous_4)
FN:97,(anonymous_5)
FN:104,(anonymous_6)
FN:113,(anonymous_7)
FN:119,(anonymous_8)
FNF:9
FNH:6
FNDA:4,(anonymous_0)
FNDA:3,(anonymous_1)
FNDA:0,(anonymous_2)
FNDA:3,(anonymous_3)
FNDA:2,(anonymous_4)
FNDA:1,(anonymous_5)
FNDA:0,(anonymous_6)
FNDA:3,(anonymous_7)
FNDA:0,(anonymous_8)
DA:24,1
DA:25,1
DA:26,1
DA:28,1
DA:32,4
DA:33,4
DA:34,4
DA:35,4
DA:36,4
DA:42,3
DA:43,3
DA:45,3
DA:46,3
DA:48,3
DA:49,3
DA:52,3
DA:53,0
DA:54,0
DA:55,0
DA:59,3
DA:65,3
DA:66,1
DA:68,2
DA:69,0
DA:70,0
DA:72,2
DA:73,1
DA:74,1
DA:76,1
DA:77,0
DA:81,1
DA:82,1
DA:83,1
DA:84,1
DA:86,1
DA:87,1
DA:88,1
DA:90,1
DA:94,2
DA:98,1
DA:105,0
DA:107,0
DA:108,0
DA:114,3
DA:116,3
DA:119,3
DA:120,0
DA:125,1
LF:48
LH:38
BRDA:53,0,0,0
BRDA:53,0,1,0
BRDA:65,1,0,1
BRDA:65,1,1,2
BRDA:68,2,0,0
BRDA:68,2,1,2
BRDA:72,3,0,1
BRDA:72,3,1,1
BRDA:76,4,0,0
BRDA:76,4,1,1
BRDA:76,5,0,1
BRDA:76,5,1,1
BRDA:86,6,0,1
BRDA:86,6,1,0
BRDA:98,7,0,1
BRDA:98,7,1,1
BRDA:104,8,0,0
BRDA:108,9,0,0
BRDA:108,9,1,0
BRDA:108,9,2,0
BRDA:116,10,0,3
BRDA:116,10,1,0
BRDA:117,11,0,0
BRDA:117,11,1,0
BRDA:120,12,0,0
BRDA:120,12,1,0
BRF:26
BRH:12
end_of_record
TN:
SF:core\storage.js
FN:16,(anonymous_0)
FN:22,(anonymous_1)
FN:88,(anonymous_2)
FN:96,(anonymous_3)
FN:103,(anonymous_4)
FN:114,(anonymous_5)
FN:123,(anonymous_6)
FN:130,(anonymous_7)
FN:139,(anonymous_8)
FN:161,(anonymous_9)
FN:181,(anonymous_10)
FN:198,(anonymous_11)
FN:204,(anonymous_12)
FN:209,(anonymous_13)
FNF:14
FNH:9
FNDA:4,(anonymous_0)
FNDA:4,(anonymous_1)
FNDA:2,(anonymous_2)
FNDA:1,(anonymous_3)
FNDA:2,(anonymous_4)
FNDA:0,(anonymous_5)
FNDA:0,(anonymous_6)
FNDA:0,(anonymous_7)
FNDA:0,(anonymous_8)
FNDA:2,(anonymous_9)
FNDA:3,(anonymous_10)
FNDA:1,(anonymous_11)
FNDA:0,(anonymous_12)
FNDA:4,(anonymous_13)
DA:12,1
DA:13,1
DA:17,4
DA:18,4
DA:19,4
DA:23,4
DA:24,4
DA:27,4
DA:28,4
DA:30,0
DA:31,0
DA:32,0
DA:35,4
DA:36,4
DA:38,4
DA:83,4
DA:89,2
DA:90,2
DA:97,1
DA:98,1
DA:104,2
DA:105,2
DA:106,2
DA:107,2
DA:115,0
DA:116,0
DA:124,0
DA:125,0
DA:131,0
DA:132,0
DA:140,0
DA:141,0
DA:162,2
DA:163,2
DA:164,2
DA:182,3
DA:183,3
DA:184,3
DA:186,2
DA:189,2
DA:192,2
DA:194,1
DA:199,1
DA:200,1
DA:205,0
DA:206,0
DA:210,4
DA:214,1
LF:48
LH:35
BRDA:89,0,0,0
BRDA:89,0,1,2
BRDA:96,1,0,0
BRDA:96,2,0,1
BRDA:97,3,0,0
BRDA:97,3,1,1
BRDA:100,4,0,1
BRDA:100,4,1,0
BRDA:104,5,0,0
BRDA:104,5,1,2
BRDA:106,6,0,0
BRDA:106,6,1,2
BRDA:109,7,0,2
BRDA:109,7,1,0
BRDA:110,8,0,1
BRDA:110,8,1,1
BRDA:114,9,0,0
BRDA:115,10,0,0
BRDA:115,10,1,0
BRDA:124,11,0,0
BRDA:124,11,1,0
BRDA:130,12,0,0
BRDA:131,13,0,0
BRDA:131,13,1,0
BRDA:140,14,0,0
BRDA:140,14,1,0
BRDA:148,15,0,0
BRDA:148,15,1,0
BRDA:150,16,0,0
BRDA:150,16,1,0
BRDA:161,17,0,0
BRDA:161,18,0,0
BRDA:161,19,0,0
BRDA:162,20,0,0
BRDA:162,20,1,2
BRDA:163,21,0,1
BRDA:163,21,1,1
BRDA:181,22,0,3
BRDA:182,23,0,0
BRDA:182,23,1,3
BRDA:184,24,0,1
BRDA:184,24,1,2
BRDA:189,25,0,0
BRDA:189,25,1,2
BRDA:192,26,0,1
BRDA:192,26,1,1
BRDA:192,27,0,2
BRDA:192,27,1,1
BRDA:199,28,0,0
BRDA:199,28,1,1
BRDA:205,29,0,0
BRDA:205,29,1,0
BRDA:210,30,0,4
BRDA:210,30,1,0
BRF:54
BRH:23
end_of_record
